<?xml version="1.0" encoding="UTF-8"?>
<!-- Generated by org.testng.reporters.JUnitReportReporter -->
<testsuite skipped="0" hostname="premalathas-Air.lan" name="io.maestrano.marlin3.test.CashOnHandValueTest" tests="1" failures="0" timestamp="28 Feb 2019 15:55:36 GMT" time="14.221" errors="0">
  <testcase name="doLogin" time="14.221" classname="io.maestrano.marlin3.test.CashOnHandValueTest"/>
</testsuite> <!-- io.maestrano.marlin3.test.CashOnHandValueTest -->
