<?xml version="1.0" encoding="UTF-8"?>
<!-- Generated by org.testng.reporters.JUnitReportReporter -->
<testsuite skipped="1" hostname="premalathas-Air.lan" name="io.maestrano.marlin3.test.LoginTest" tests="2" failures="0" timestamp="28 Feb 2019 15:52:06 GMT" time="13.952" errors="0">
  <testcase name="doLogin" time="0.225" classname="io.maestrano.marlin3.test.LoginTest">
    <skipped/>
  </testcase> <!-- doLogin -->
  <testcase name="doLogin" time="13.727" classname="io.maestrano.marlin3.test.LoginTest"/>
</testsuite> <!-- io.maestrano.marlin3.test.LoginTest -->
