<?xml version="1.0" encoding="UTF-8"?>
<!-- Generated by org.testng.reporters.JUnitReportReporter -->
<testsuite skipped="0" hostname="premalathas-Air.lan" name="io.maestrano.marlin3.test.AllKPIsOnDashboardTest" tests="1" failures="0" timestamp="25 Mar 2019 12:26:30 GMT" time="14.352" errors="0">
  <testcase name="allKPIsOnDashboardTest" time="14.352" classname="io.maestrano.marlin3.test.AllKPIsOnDashboardTest"/>
</testsuite> <!-- io.maestrano.marlin3.test.AllKPIsOnDashboardTest -->
