<?xml version="1.0" encoding="UTF-8"?>
<!-- Generated by org.testng.reporters.JUnitReportReporter -->
<testsuite skipped="0" hostname="premalathas-Air.lan" name="io.maestrano.marlin3.test.DeleteKPITest" tests="1" failures="0" timestamp="28 Feb 2019 15:52:06 GMT" time="17.576" errors="0">
  <testcase name="doLogin" time="17.576" classname="io.maestrano.marlin3.test.DeleteKPITest"/>
</testsuite> <!-- io.maestrano.marlin3.test.DeleteKPITest -->
