<?xml version="1.0" encoding="UTF-8"?>
<!-- Generated by org.testng.reporters.JUnitReportReporter -->
<testsuite skipped="0" hostname="premalathas-Air.lan" name="io.maestrano.marlin3.test.SignOutTest" tests="1" failures="0" timestamp="28 Feb 2019 15:56:41 GMT" time="20.059" errors="0">
  <testcase name="doLogin" time="20.059" classname="io.maestrano.marlin3.test.SignOutTest"/>
</testsuite> <!-- io.maestrano.marlin3.test.SignOutTest -->
