<?xml version="1.0" encoding="UTF-8"?>
<!-- Generated by org.testng.reporters.JUnitReportReporter -->
<testsuite skipped="0" hostname="premalathas-MacBook-Air.local" name="io.maestrano.marlin3.test.SettingsTest" tests="1" failures="0" timestamp="01 Mar 2019 17:02:57 GMT" time="30.887" errors="0">
  <testcase name="settingsTest" time="30.887" classname="io.maestrano.marlin3.test.SettingsTest"/>
</testsuite> <!-- io.maestrano.marlin3.test.SettingsTest -->
