<?xml version="1.0" encoding="UTF-8"?>
<!-- Generated by org.testng.reporters.JUnitReportReporter -->
<testsuite skipped="1" hostname="premalathas-Air.lan" name="io.maestrano.marlin3.test.LoginTest" tests="2" failures="0" timestamp="25 Mar 2019 12:26:30 GMT" time="17.409" errors="0">
  <testcase name="doLogin" time="17.151" classname="io.maestrano.marlin3.test.LoginTest"/>
  <testcase name="doLogin" time="0.258" classname="io.maestrano.marlin3.test.LoginTest">
    <skipped/>
  </testcase> <!-- doLogin -->
</testsuite> <!-- io.maestrano.marlin3.test.LoginTest -->
