<?xml version="1.0" encoding="UTF-8"?>
<!-- Generated by org.testng.reporters.JUnitReportReporter -->
<testsuite skipped="0" hostname="premalathas-Air.lan" name="io.maestrano.marlin3.test.DeleteKPITest" tests="1" failures="0" timestamp="27 Feb 2019 16:13:43 GMT" time="20.809" errors="0">
  <testcase name="doLogin" time="20.809" classname="io.maestrano.marlin3.test.DeleteKPITest"/>
</testsuite> <!-- io.maestrano.marlin3.test.DeleteKPITest -->
