<?xml version="1.0" encoding="UTF-8"?>
<!-- Generated by org.testng.reporters.JUnitReportReporter -->
<testsuite skipped="0" hostname="premalathas-Air.lan" name="io.maestrano.marlin3.test.AllDashboardsTest" tests="1" failures="0" timestamp="28 Feb 2019 15:54:31 GMT" time="21.081" errors="0">
  <testcase name="allDashboardsTest" time="21.081" classname="io.maestrano.marlin3.test.AllDashboardsTest"/>
</testsuite> <!-- io.maestrano.marlin3.test.AllDashboardsTest -->
