<?xml version="1.0" encoding="UTF-8"?>
<!-- Generated by org.testng.reporters.JUnitReportReporter -->
<testsuite skipped="0" hostname="premalathas-Air.lan" name="io.maestrano.marlin3.test.AllDashboardsTest" tests="1" failures="0" timestamp="06 Mar 2019 13:08:33 GMT" time="17.627" errors="0">
  <testcase name="allDashboardsTest" time="17.627" classname="io.maestrano.marlin3.test.AllDashboardsTest"/>
</testsuite> <!-- io.maestrano.marlin3.test.AllDashboardsTest -->
