<?xml version="1.0" encoding="UTF-8"?>
<!-- Generated by org.testng.reporters.JUnitReportReporter -->
<testsuite skipped="0" hostname="premalathas-Air.lan" name="io.maestrano.marlin3.test.MarketplaceTest" tests="1" failures="0" timestamp="25 Mar 2019 12:32:29 GMT" time="24.943" errors="0">
  <testcase name="doLogin" time="24.943" classname="io.maestrano.marlin3.test.MarketplaceTest"/>
</testsuite> <!-- io.maestrano.marlin3.test.MarketplaceTest -->
