<?xml version="1.0" encoding="UTF-8"?>
<!-- Generated by org.testng.reporters.JUnitReportReporter -->
<testsuite skipped="0" hostname="premalathas-Air.lan" name="io.maestrano.marlin3.test.AddModuleTest" tests="1" failures="0" timestamp="28 Feb 2019 15:52:06 GMT" time="24.253" errors="0">
  <testcase name="doLogin" time="24.253" classname="io.maestrano.marlin3.test.AddModuleTest"/>
</testsuite> <!-- io.maestrano.marlin3.test.AddModuleTest -->
